<?xml version="1.0" encoding="UTF-8"?>
<testsuite name="censusanalyser.CensusAnalyserTest" tests="1" skipped="0" failures="0" errors="0" timestamp="2020-05-10T15:31:21" hostname="HP" time="0.556">
  <properties/>
  <testcase name="givenIndiaCensusData_WhenSortedOnDensity_ShouldReturnResult" classname="censusanalyser.CensusAnalyserTest" time="0.556"/>
  <system-out><![CDATA[]]></system-out>
  <system-err><![CDATA[]]></system-err>
</testsuite>
