<?xml version="1.0" encoding="UTF-8"?>
<testsuite name="censusanalyser.CensusAnalyserTest" tests="1" skipped="0" failures="0" errors="0" timestamp="2020-05-10T13:21:10" hostname="HP" time="0.22">
  <properties/>
  <testcase name="givenIndiaCensusData_WhenSortedOnPopulation_ShouldReturnResult" classname="censusanalyser.CensusAnalyserTest" time="0.22"/>
  <system-out><![CDATA[]]></system-out>
  <system-err><![CDATA[]]></system-err>
</testsuite>
