<?xml version="1.0" encoding="UTF-8"?>
<testsuite name="censusanalyser.CensusAnalyserTest" tests="10" skipped="0" failures="0" errors="0" timestamp="2020-04-30T16:27:52" hostname="HP" time="1.082">
  <properties/>
  <testcase name="givenIndianCensusCSVFileReturnsCorrectRecords" classname="censusanalyser.CensusAnalyserTest" time="0.587"/>
  <testcase name="givenIndiaCensusCodeData_WithWrongFileDelimiter_ShouldThrowException" classname="censusanalyser.CensusAnalyserTest" time="0.236"/>
  <testcase name="givenIndianStoreCSVFile_ReturnsCorrectRecords" classname="censusanalyser.CensusAnalyserTest" time="0.112"/>
  <testcase name="givenIndiaStoreData_WithWrongFile_ShouldThrowException" classname="censusanalyser.CensusAnalyserTest" time="0.066"/>
  <testcase name="givenStateStoreCsvFile_WhenTypeIncorrect_shouldReturnException" classname="censusanalyser.CensusAnalyserTest" time="0.001"/>
  <testcase name="givenStateCensusCsvFile_WhenTypeIncorrect_shouldReturnException" classname="censusanalyser.CensusAnalyserTest" time="0.001"/>
  <testcase name="givenIndiaStateCodeData_WithWrongFileDelimiter_ShouldThrowException" classname="censusanalyser.CensusAnalyserTest" time="0.002"/>
  <testcase name="givenIndiaCensusData_WithWrongFile_ShouldThrowException" classname="censusanalyser.CensusAnalyserTest" time="0.001"/>
  <testcase name="givenStateCensusCsvFile_WhenHeaderIncorrect_shouldReturnException" classname="censusanalyser.CensusAnalyserTest" time="0.026"/>
  <testcase name="givenStateStoreCsvFile_WhenHeaderIncorrect_shouldReturnException" classname="censusanalyser.CensusAnalyserTest" time="0.017"/>
  <system-out><![CDATA[]]></system-out>
  <system-err><![CDATA[]]></system-err>
</testsuite>
